c:\users\aa\desktop\编程\mykeyhook\mykeyhook\debug\vc142.pdb
c:\users\aa\desktop\编程\mykeyhook\mykeyhook\debug\vc142.idb
c:\users\aa\desktop\编程\mykeyhook\mykeyhook\debug\mykeyhook.obj
c:\users\aa\desktop\编程\mykeyhook\mykeyhook\debug\keyhook.obj
c:\users\aa\desktop\编程\mykeyhook\debug\mykeyhook.exe
c:\users\aa\desktop\编程\mykeyhook\mykeyhook\debug\mykeyhook.ilk
c:\users\aa\desktop\编程\mykeyhook\debug\mykeyhook.pdb
c:\users\aa\desktop\编程\mykeyhook\mykeyhook\debug\mykeyhook.res
c:\users\aa\desktop\编程\mykeyhook\mykeyhook\debug\mykeyhook.tlog\cl.command.1.tlog
c:\users\aa\desktop\编程\mykeyhook\mykeyhook\debug\mykeyhook.tlog\cl.read.1.tlog
c:\users\aa\desktop\编程\mykeyhook\mykeyhook\debug\mykeyhook.tlog\cl.write.1.tlog
c:\users\aa\desktop\编程\mykeyhook\mykeyhook\debug\mykeyhook.tlog\link.15652-cvtres.read.1.tlog
c:\users\aa\desktop\编程\mykeyhook\mykeyhook\debug\mykeyhook.tlog\link.15652-cvtres.write.1.tlog
c:\users\aa\desktop\编程\mykeyhook\mykeyhook\debug\mykeyhook.tlog\link.15652-rc.read.1.tlog
c:\users\aa\desktop\编程\mykeyhook\mykeyhook\debug\mykeyhook.tlog\link.15652-rc.write.1.tlog
c:\users\aa\desktop\编程\mykeyhook\mykeyhook\debug\mykeyhook.tlog\link.15652.read.1.tlog
c:\users\aa\desktop\编程\mykeyhook\mykeyhook\debug\mykeyhook.tlog\link.15652.write.1.tlog
c:\users\aa\desktop\编程\mykeyhook\mykeyhook\debug\mykeyhook.tlog\link.command.1.tlog
c:\users\aa\desktop\编程\mykeyhook\mykeyhook\debug\mykeyhook.tlog\link.read.1.tlog
c:\users\aa\desktop\编程\mykeyhook\mykeyhook\debug\mykeyhook.tlog\link.write.1.tlog
c:\users\aa\desktop\编程\mykeyhook\mykeyhook\debug\mykeyhook.tlog\rc.command.1.tlog
c:\users\aa\desktop\编程\mykeyhook\mykeyhook\debug\mykeyhook.tlog\rc.read.1.tlog
c:\users\aa\desktop\编程\mykeyhook\mykeyhook\debug\mykeyhook.tlog\rc.write.1.tlog
